{
  "RSpec": {
    "coverage": {
      "/home/brennanbrown-114154/code/labs/tic-tac-toe-rb-cb-gh-000/lib/tic_tac_toe.rb": [
        null,
        null,
        null,
        null,
        1,
        null,
        null,
        null,
        null,
        null,
        null,
        null,
        null,
        null,
        null,
        null,
        null,
        null,
        null,
        null,
        null,
        1,
        24,
        24,
        24,
        24,
        24,
        null,
        null,
        null,
        null,
        1,
        23,
        null,
        null,
        null,
        null,
        1,
        22,
        null,
        null,
        null,
        null,
        1,
        0,
        null,
        null,
        null,
        null,
        1,
        23,
        null,
        null,
        null,
        null,
        1,
        20,
        20,
        20,
        20,
        19,
        19,
        null,
        1,
        null,
        null,
        null,
        null,
        null,
        1,
        25,
        null,
        null,
        null,
        null,
        null,
        null,
        1,
        21,
        21,
        189,
        31,
        null,
        null,
        21,
        null,
        null,
        null,
        null,
        null,
        null,
        null,
        1,
        20,
        20,
        14,
        null,
        6,
        null,
        null,
        null,
        null,
        null,
        null,
        null,
        1,
        null,
        62,
        null,
        null,
        407,
        407,
        407,
        null,
        null,
        407,
        18,
        18,
        18,
        null,
        5,
        5,
        5,
        null,
        null,
        39,
        null,
        null,
        null,
        null,
        null,
        1,
        209,
        null,
        null,
        null,
        null,
        null,
        null,
        1,
        34,
        34,
        34,
        6,
        28,
        13,
        null,
        null,
        null,
        null,
        null,
        null,
        1,
        21,
        21,
        null,
        null,
        21,
        10,
        null,
        11,
        null,
        null,
        null,
        null,
        null,
        null,
        1,
        3,
        3,
        2,
        1,
        1,
        1,
        null,
        null,
        null,
        null,
        null,
        null,
        null,
        null,
        null,
        null,
        null,
        null,
        1,
        12,
        17,
        17,
        null,
        null,
        12,
        3,
        9,
        1,
        null,
        null
      ]
    },
    "timestamp": 1501542895
  }
}
